

Started GET "/" for 127.0.0.1 at 2015-07-28 13:21:04 +0300
Processing by Rails::WelcomeController#index as HTML
  Rendered vendor/bundle/ruby/2.2.0/gems/railties-4.2.3/lib/rails/templates/rails/welcome/index.html.erb (3.2ms)
Completed 200 OK in 32ms (Views: 15.6ms | ActiveRecord: 0.0ms)


Started GET "/movies" for 127.0.0.1 at 2015-07-28 13:21:14 +0300

AbstractController::ActionNotFound (The action 'index' could not be found for MoviesController):
  vendor/bundle/ruby/2.2.0/gems/actionpack-4.2.3/lib/abstract_controller/base.rb:132:in `process'
  vendor/bundle/ruby/2.2.0/gems/actionview-4.2.3/lib/action_view/rendering.rb:30:in `process'
  vendor/bundle/ruby/2.2.0/gems/actionpack-4.2.3/lib/action_controller/metal.rb:196:in `dispatch'
  vendor/bundle/ruby/2.2.0/gems/actionpack-4.2.3/lib/action_controller/metal/rack_delegation.rb:13:in `dispatch'
  vendor/bundle/ruby/2.2.0/gems/actionpack-4.2.3/lib/action_controller/metal.rb:237:in `block in action'
  vendor/bundle/ruby/2.2.0/gems/actionpack-4.2.3/lib/action_dispatch/routing/route_set.rb:76:in `call'
  vendor/bundle/ruby/2.2.0/gems/actionpack-4.2.3/lib/action_dispatch/routing/route_set.rb:76:in `dispatch'
  vendor/bundle/ruby/2.2.0/gems/actionpack-4.2.3/lib/action_dispatch/routing/route_set.rb:45:in `serve'
  vendor/bundle/ruby/2.2.0/gems/actionpack-4.2.3/lib/action_dispatch/journey/router.rb:43:in `block in serve'
  vendor/bundle/ruby/2.2.0/gems/actionpack-4.2.3/lib/action_dispatch/journey/router.rb:30:in `each'
  vendor/bundle/ruby/2.2.0/gems/actionpack-4.2.3/lib/action_dispatch/journey/router.rb:30:in `serve'
  vendor/bundle/ruby/2.2.0/gems/actionpack-4.2.3/lib/action_dispatch/routing/route_set.rb:821:in `call'
  vendor/bundle/ruby/2.2.0/gems/rack-1.6.4/lib/rack/etag.rb:24:in `call'
  vendor/bundle/ruby/2.2.0/gems/rack-1.6.4/lib/rack/conditionalget.rb:25:in `call'
  vendor/bundle/ruby/2.2.0/gems/rack-1.6.4/lib/rack/head.rb:13:in `call'
  vendor/bundle/ruby/2.2.0/gems/actionpack-4.2.3/lib/action_dispatch/middleware/params_parser.rb:27:in `call'
  vendor/bundle/ruby/2.2.0/gems/actionpack-4.2.3/lib/action_dispatch/middleware/flash.rb:260:in `call'
  vendor/bundle/ruby/2.2.0/gems/rack-1.6.4/lib/rack/session/abstract/id.rb:225:in `context'
  vendor/bundle/ruby/2.2.0/gems/rack-1.6.4/lib/rack/session/abstract/id.rb:220:in `call'
  vendor/bundle/ruby/2.2.0/gems/actionpack-4.2.3/lib/action_dispatch/middleware/cookies.rb:560:in `call'
  vendor/bundle/ruby/2.2.0/gems/activerecord-4.2.3/lib/active_record/query_cache.rb:36:in `call'
  vendor/bundle/ruby/2.2.0/gems/activerecord-4.2.3/lib/active_record/connection_adapters/abstract/connection_pool.rb:653:in `call'
  vendor/bundle/ruby/2.2.0/gems/activerecord-4.2.3/lib/active_record/migration.rb:377:in `call'
  vendor/bundle/ruby/2.2.0/gems/actionpack-4.2.3/lib/action_dispatch/middleware/callbacks.rb:29:in `block in call'
  vendor/bundle/ruby/2.2.0/gems/activesupport-4.2.3/lib/active_support/callbacks.rb:84:in `run_callbacks'
  vendor/bundle/ruby/2.2.0/gems/actionpack-4.2.3/lib/action_dispatch/middleware/callbacks.rb:27:in `call'
  vendor/bundle/ruby/2.2.0/gems/actionpack-4.2.3/lib/action_dispatch/middleware/reloader.rb:73:in `call'
  vendor/bundle/ruby/2.2.0/gems/actionpack-4.2.3/lib/action_dispatch/middleware/remote_ip.rb:78:in `call'
  vendor/bundle/ruby/2.2.0/gems/actionpack-4.2.3/lib/action_dispatch/middleware/debug_exceptions.rb:17:in `call'
  vendor/bundle/ruby/2.2.0/gems/web-console-2.2.1/lib/web_console/middleware.rb:39:in `call'
  vendor/bundle/ruby/2.2.0/gems/actionpack-4.2.3/lib/action_dispatch/middleware/show_exceptions.rb:30:in `call'
  vendor/bundle/ruby/2.2.0/gems/railties-4.2.3/lib/rails/rack/logger.rb:38:in `call_app'
  vendor/bundle/ruby/2.2.0/gems/railties-4.2.3/lib/rails/rack/logger.rb:20:in `block in call'
  vendor/bundle/ruby/2.2.0/gems/activesupport-4.2.3/lib/active_support/tagged_logging.rb:68:in `block in tagged'
  vendor/bundle/ruby/2.2.0/gems/activesupport-4.2.3/lib/active_support/tagged_logging.rb:26:in `tagged'
  vendor/bundle/ruby/2.2.0/gems/activesupport-4.2.3/lib/active_support/tagged_logging.rb:68:in `tagged'
  vendor/bundle/ruby/2.2.0/gems/railties-4.2.3/lib/rails/rack/logger.rb:20:in `call'
  vendor/bundle/ruby/2.2.0/gems/actionpack-4.2.3/lib/action_dispatch/middleware/request_id.rb:21:in `call'
  vendor/bundle/ruby/2.2.0/gems/rack-1.6.4/lib/rack/methodoverride.rb:22:in `call'
  vendor/bundle/ruby/2.2.0/gems/rack-1.6.4/lib/rack/runtime.rb:18:in `call'
  vendor/bundle/ruby/2.2.0/gems/activesupport-4.2.3/lib/active_support/cache/strategy/local_cache_middleware.rb:28:in `call'
  vendor/bundle/ruby/2.2.0/gems/rack-1.6.4/lib/rack/lock.rb:17:in `call'
  vendor/bundle/ruby/2.2.0/gems/actionpack-4.2.3/lib/action_dispatch/middleware/static.rb:116:in `call'
  vendor/bundle/ruby/2.2.0/gems/rack-1.6.4/lib/rack/sendfile.rb:113:in `call'
  vendor/bundle/ruby/2.2.0/gems/railties-4.2.3/lib/rails/engine.rb:518:in `call'
  vendor/bundle/ruby/2.2.0/gems/railties-4.2.3/lib/rails/application.rb:165:in `call'
  vendor/bundle/ruby/2.2.0/gems/rack-1.6.4/lib/rack/lock.rb:17:in `call'
  vendor/bundle/ruby/2.2.0/gems/rack-1.6.4/lib/rack/content_length.rb:15:in `call'
  vendor/bundle/ruby/2.2.0/gems/rack-1.6.4/lib/rack/handler/webrick.rb:88:in `service'
  /home/solli/.rbenv/versions/2.2.2/lib/ruby/2.2.0/webrick/httpserver.rb:138:in `service'
  /home/solli/.rbenv/versions/2.2.2/lib/ruby/2.2.0/webrick/httpserver.rb:94:in `run'
  /home/solli/.rbenv/versions/2.2.2/lib/ruby/2.2.0/webrick/server.rb:294:in `block in start_thread'


  Rendered vendor/bundle/ruby/2.2.0/gems/actionpack-4.2.3/lib/action_dispatch/middleware/templates/rescues/unknown_action.html.erb within rescues/layout (0.8ms)
  Rendered vendor/bundle/ruby/2.2.0/gems/web-console-2.2.1/lib/web_console/templates/_markup.html.erb (1.1ms)
  Rendered vendor/bundle/ruby/2.2.0/gems/web-console-2.2.1/lib/web_console/templates/_inner_console_markup.html.erb within layouts/inlined_string (0.5ms)
  Rendered vendor/bundle/ruby/2.2.0/gems/web-console-2.2.1/lib/web_console/templates/_prompt_box_markup.html.erb within layouts/inlined_string (0.6ms)
  Rendered vendor/bundle/ruby/2.2.0/gems/web-console-2.2.1/lib/web_console/templates/style.css.erb within layouts/inlined_string (0.7ms)
  Rendered vendor/bundle/ruby/2.2.0/gems/web-console-2.2.1/lib/web_console/templates/console.js.erb within layouts/javascript (33.4ms)
  Rendered vendor/bundle/ruby/2.2.0/gems/web-console-2.2.1/lib/web_console/templates/main.js.erb within layouts/javascript (0.5ms)
  Rendered vendor/bundle/ruby/2.2.0/gems/web-console-2.2.1/lib/web_console/templates/error_page.js.erb within layouts/javascript (0.7ms)
  Rendered vendor/bundle/ruby/2.2.0/gems/web-console-2.2.1/lib/web_console/templates/index.html.erb (73.3ms)


Started GET "/movies" for 127.0.0.1 at 2015-07-28 13:22:35 +0300
Processing by MoviesController#index as HTML
Completed 500 Internal Server Error in 2ms (ActiveRecord: 0.0ms)

ActionView::MissingTemplate (Missing template movies/index, application/index with {:locale=>[:en], :formats=>[:html], :variants=>[], :handlers=>[:erb, :builder, :raw, :ruby, :coffee, :jbuilder]}. Searched in:
  * "/home/solli/development/rails_project/moviebox/app/views"
):
  vendor/bundle/ruby/2.2.0/gems/actionview-4.2.3/lib/action_view/path_set.rb:46:in `find'
  vendor/bundle/ruby/2.2.0/gems/actionview-4.2.3/lib/action_view/lookup_context.rb:121:in `find'
  vendor/bundle/ruby/2.2.0/gems/actionview-4.2.3/lib/action_view/renderer/abstract_renderer.rb:18:in `find_template'
  vendor/bundle/ruby/2.2.0/gems/actionview-4.2.3/lib/action_view/renderer/template_renderer.rb:40:in `determine_template'
  vendor/bundle/ruby/2.2.0/gems/actionview-4.2.3/lib/action_view/renderer/template_renderer.rb:8:in `render'
  vendor/bundle/ruby/2.2.0/gems/actionview-4.2.3/lib/action_view/renderer/renderer.rb:42:in `render_template'
  vendor/bundle/ruby/2.2.0/gems/actionview-4.2.3/lib/action_view/renderer/renderer.rb:23:in `render'
  vendor/bundle/ruby/2.2.0/gems/actionview-4.2.3/lib/action_view/rendering.rb:100:in `_render_template'
  vendor/bundle/ruby/2.2.0/gems/actionpack-4.2.3/lib/action_controller/metal/streaming.rb:217:in `_render_template'
  vendor/bundle/ruby/2.2.0/gems/actionview-4.2.3/lib/action_view/rendering.rb:83:in `render_to_body'
  vendor/bundle/ruby/2.2.0/gems/actionpack-4.2.3/lib/action_controller/metal/rendering.rb:32:in `render_to_body'
  vendor/bundle/ruby/2.2.0/gems/actionpack-4.2.3/lib/action_controller/metal/renderers.rb:37:in `render_to_body'
  vendor/bundle/ruby/2.2.0/gems/actionpack-4.2.3/lib/abstract_controller/rendering.rb:25:in `render'
  vendor/bundle/ruby/2.2.0/gems/actionpack-4.2.3/lib/action_controller/metal/rendering.rb:16:in `render'
  vendor/bundle/ruby/2.2.0/gems/actionpack-4.2.3/lib/action_controller/metal/instrumentation.rb:44:in `block (2 levels) in render'
  vendor/bundle/ruby/2.2.0/gems/activesupport-4.2.3/lib/active_support/core_ext/benchmark.rb:12:in `block in ms'
  /home/solli/.rbenv/versions/2.2.2/lib/ruby/2.2.0/benchmark.rb:303:in `realtime'
  vendor/bundle/ruby/2.2.0/gems/activesupport-4.2.3/lib/active_support/core_ext/benchmark.rb:12:in `ms'
  vendor/bundle/ruby/2.2.0/gems/actionpack-4.2.3/lib/action_controller/metal/instrumentation.rb:44:in `block in render'
  vendor/bundle/ruby/2.2.0/gems/actionpack-4.2.3/lib/action_controller/metal/instrumentation.rb:87:in `cleanup_view_runtime'
  vendor/bundle/ruby/2.2.0/gems/activerecord-4.2.3/lib/active_record/railties/controller_runtime.rb:25:in `cleanup_view_runtime'
  vendor/bundle/ruby/2.2.0/gems/actionpack-4.2.3/lib/action_controller/metal/instrumentation.rb:43:in `render'
  vendor/bundle/ruby/2.2.0/gems/actionpack-4.2.3/lib/action_controller/metal/implicit_render.rb:10:in `default_render'
  vendor/bundle/ruby/2.2.0/gems/actionpack-4.2.3/lib/action_controller/metal/implicit_render.rb:5:in `send_action'
  vendor/bundle/ruby/2.2.0/gems/actionpack-4.2.3/lib/abstract_controller/base.rb:198:in `process_action'
  vendor/bundle/ruby/2.2.0/gems/actionpack-4.2.3/lib/action_controller/metal/rendering.rb:10:in `process_action'
  vendor/bundle/ruby/2.2.0/gems/actionpack-4.2.3/lib/abstract_controller/callbacks.rb:20:in `block in process_action'
  vendor/bundle/ruby/2.2.0/gems/activesupport-4.2.3/lib/active_support/callbacks.rb:115:in `call'
  vendor/bundle/ruby/2.2.0/gems/activesupport-4.2.3/lib/active_support/callbacks.rb:115:in `call'
  vendor/bundle/ruby/2.2.0/gems/activesupport-4.2.3/lib/active_support/callbacks.rb:553:in `block (2 levels) in compile'
  vendor/bundle/ruby/2.2.0/gems/activesupport-4.2.3/lib/active_support/callbacks.rb:503:in `call'
  vendor/bundle/ruby/2.2.0/gems/activesupport-4.2.3/lib/active_support/callbacks.rb:503:in `call'
  vendor/bundle/ruby/2.2.0/gems/activesupport-4.2.3/lib/active_support/callbacks.rb:88:in `run_callbacks'
  vendor/bundle/ruby/2.2.0/gems/actionpack-4.2.3/lib/abstract_controller/callbacks.rb:19:in `process_action'
  vendor/bundle/ruby/2.2.0/gems/actionpack-4.2.3/lib/action_controller/metal/rescue.rb:29:in `process_action'
  vendor/bundle/ruby/2.2.0/gems/actionpack-4.2.3/lib/action_controller/metal/instrumentation.rb:32:in `block in process_action'
  vendor/bundle/ruby/2.2.0/gems/activesupport-4.2.3/lib/active_support/notifications.rb:164:in `block in instrument'
  vendor/bundle/ruby/2.2.0/gems/activesupport-4.2.3/lib/active_support/notifications/instrumenter.rb:20:in `instrument'
  vendor/bundle/ruby/2.2.0/gems/activesupport-4.2.3/lib/active_support/notifications.rb:164:in `instrument'
  vendor/bundle/ruby/2.2.0/gems/actionpack-4.2.3/lib/action_controller/metal/instrumentation.rb:30:in `process_action'
  vendor/bundle/ruby/2.2.0/gems/actionpack-4.2.3/lib/action_controller/metal/params_wrapper.rb:250:in `process_action'
  vendor/bundle/ruby/2.2.0/gems/activerecord-4.2.3/lib/active_record/railties/controller_runtime.rb:18:in `process_action'
  vendor/bundle/ruby/2.2.0/gems/actionpack-4.2.3/lib/abstract_controller/base.rb:137:in `process'
  vendor/bundle/ruby/2.2.0/gems/actionview-4.2.3/lib/action_view/rendering.rb:30:in `process'
  vendor/bundle/ruby/2.2.0/gems/actionpack-4.2.3/lib/action_controller/metal.rb:196:in `dispatch'
  vendor/bundle/ruby/2.2.0/gems/actionpack-4.2.3/lib/action_controller/metal/rack_delegation.rb:13:in `dispatch'
  vendor/bundle/ruby/2.2.0/gems/actionpack-4.2.3/lib/action_controller/metal.rb:237:in `block in action'
  vendor/bundle/ruby/2.2.0/gems/actionpack-4.2.3/lib/action_dispatch/routing/route_set.rb:76:in `call'
  vendor/bundle/ruby/2.2.0/gems/actionpack-4.2.3/lib/action_dispatch/routing/route_set.rb:76:in `dispatch'
  vendor/bundle/ruby/2.2.0/gems/actionpack-4.2.3/lib/action_dispatch/routing/route_set.rb:45:in `serve'
  vendor/bundle/ruby/2.2.0/gems/actionpack-4.2.3/lib/action_dispatch/journey/router.rb:43:in `block in serve'
  vendor/bundle/ruby/2.2.0/gems/actionpack-4.2.3/lib/action_dispatch/journey/router.rb:30:in `each'
  vendor/bundle/ruby/2.2.0/gems/actionpack-4.2.3/lib/action_dispatch/journey/router.rb:30:in `serve'
  vendor/bundle/ruby/2.2.0/gems/actionpack-4.2.3/lib/action_dispatch/routing/route_set.rb:821:in `call'
  vendor/bundle/ruby/2.2.0/gems/rack-1.6.4/lib/rack/etag.rb:24:in `call'
  vendor/bundle/ruby/2.2.0/gems/rack-1.6.4/lib/rack/conditionalget.rb:25:in `call'
  vendor/bundle/ruby/2.2.0/gems/rack-1.6.4/lib/rack/head.rb:13:in `call'
  vendor/bundle/ruby/2.2.0/gems/actionpack-4.2.3/lib/action_dispatch/middleware/params_parser.rb:27:in `call'
  vendor/bundle/ruby/2.2.0/gems/actionpack-4.2.3/lib/action_dispatch/middleware/flash.rb:260:in `call'
  vendor/bundle/ruby/2.2.0/gems/rack-1.6.4/lib/rack/session/abstract/id.rb:225:in `context'
  vendor/bundle/ruby/2.2.0/gems/rack-1.6.4/lib/rack/session/abstract/id.rb:220:in `call'
  vendor/bundle/ruby/2.2.0/gems/actionpack-4.2.3/lib/action_dispatch/middleware/cookies.rb:560:in `call'
  vendor/bundle/ruby/2.2.0/gems/activerecord-4.2.3/lib/active_record/query_cache.rb:36:in `call'
  vendor/bundle/ruby/2.2.0/gems/activerecord-4.2.3/lib/active_record/connection_adapters/abstract/connection_pool.rb:653:in `call'
  vendor/bundle/ruby/2.2.0/gems/activerecord-4.2.3/lib/active_record/migration.rb:377:in `call'
  vendor/bundle/ruby/2.2.0/gems/actionpack-4.2.3/lib/action_dispatch/middleware/callbacks.rb:29:in `block in call'
  vendor/bundle/ruby/2.2.0/gems/activesupport-4.2.3/lib/active_support/callbacks.rb:84:in `run_callbacks'
  vendor/bundle/ruby/2.2.0/gems/actionpack-4.2.3/lib/action_dispatch/middleware/callbacks.rb:27:in `call'
  vendor/bundle/ruby/2.2.0/gems/actionpack-4.2.3/lib/action_dispatch/middleware/reloader.rb:73:in `call'
  vendor/bundle/ruby/2.2.0/gems/actionpack-4.2.3/lib/action_dispatch/middleware/remote_ip.rb:78:in `call'
  vendor/bundle/ruby/2.2.0/gems/actionpack-4.2.3/lib/action_dispatch/middleware/debug_exceptions.rb:17:in `call'
  vendor/bundle/ruby/2.2.0/gems/web-console-2.2.1/lib/web_console/middleware.rb:39:in `call'
  vendor/bundle/ruby/2.2.0/gems/actionpack-4.2.3/lib/action_dispatch/middleware/show_exceptions.rb:30:in `call'
  vendor/bundle/ruby/2.2.0/gems/railties-4.2.3/lib/rails/rack/logger.rb:38:in `call_app'
  vendor/bundle/ruby/2.2.0/gems/railties-4.2.3/lib/rails/rack/logger.rb:20:in `block in call'
  vendor/bundle/ruby/2.2.0/gems/activesupport-4.2.3/lib/active_support/tagged_logging.rb:68:in `block in tagged'
  vendor/bundle/ruby/2.2.0/gems/activesupport-4.2.3/lib/active_support/tagged_logging.rb:26:in `tagged'
  vendor/bundle/ruby/2.2.0/gems/activesupport-4.2.3/lib/active_support/tagged_logging.rb:68:in `tagged'
  vendor/bundle/ruby/2.2.0/gems/railties-4.2.3/lib/rails/rack/logger.rb:20:in `call'
  vendor/bundle/ruby/2.2.0/gems/actionpack-4.2.3/lib/action_dispatch/middleware/request_id.rb:21:in `call'
  vendor/bundle/ruby/2.2.0/gems/rack-1.6.4/lib/rack/methodoverride.rb:22:in `call'
  vendor/bundle/ruby/2.2.0/gems/rack-1.6.4/lib/rack/runtime.rb:18:in `call'
  vendor/bundle/ruby/2.2.0/gems/activesupport-4.2.3/lib/active_support/cache/strategy/local_cache_middleware.rb:28:in `call'
  vendor/bundle/ruby/2.2.0/gems/rack-1.6.4/lib/rack/lock.rb:17:in `call'
  vendor/bundle/ruby/2.2.0/gems/actionpack-4.2.3/lib/action_dispatch/middleware/static.rb:116:in `call'
  vendor/bundle/ruby/2.2.0/gems/rack-1.6.4/lib/rack/sendfile.rb:113:in `call'
  vendor/bundle/ruby/2.2.0/gems/railties-4.2.3/lib/rails/engine.rb:518:in `call'
  vendor/bundle/ruby/2.2.0/gems/railties-4.2.3/lib/rails/application.rb:165:in `call'
  vendor/bundle/ruby/2.2.0/gems/rack-1.6.4/lib/rack/lock.rb:17:in `call'
  vendor/bundle/ruby/2.2.0/gems/rack-1.6.4/lib/rack/content_length.rb:15:in `call'
  vendor/bundle/ruby/2.2.0/gems/rack-1.6.4/lib/rack/handler/webrick.rb:88:in `service'
  /home/solli/.rbenv/versions/2.2.2/lib/ruby/2.2.0/webrick/httpserver.rb:138:in `service'
  /home/solli/.rbenv/versions/2.2.2/lib/ruby/2.2.0/webrick/httpserver.rb:94:in `run'
  /home/solli/.rbenv/versions/2.2.2/lib/ruby/2.2.0/webrick/server.rb:294:in `block in start_thread'


  Rendered vendor/bundle/ruby/2.2.0/gems/actionpack-4.2.3/lib/action_dispatch/middleware/templates/rescues/_source.erb (10.5ms)
  Rendered vendor/bundle/ruby/2.2.0/gems/actionpack-4.2.3/lib/action_dispatch/middleware/templates/rescues/_trace.html.erb (4.3ms)
  Rendered vendor/bundle/ruby/2.2.0/gems/actionpack-4.2.3/lib/action_dispatch/middleware/templates/rescues/_request_and_response.html.erb (1.6ms)
  Rendered vendor/bundle/ruby/2.2.0/gems/actionpack-4.2.3/lib/action_dispatch/middleware/templates/rescues/missing_template.html.erb within rescues/layout (43.0ms)
  Rendered vendor/bundle/ruby/2.2.0/gems/web-console-2.2.1/lib/web_console/templates/_markup.html.erb (0.7ms)
  Rendered vendor/bundle/ruby/2.2.0/gems/web-console-2.2.1/lib/web_console/templates/_inner_console_markup.html.erb within layouts/inlined_string (0.6ms)
  Rendered vendor/bundle/ruby/2.2.0/gems/web-console-2.2.1/lib/web_console/templates/_prompt_box_markup.html.erb within layouts/inlined_string (0.6ms)
  Rendered vendor/bundle/ruby/2.2.0/gems/web-console-2.2.1/lib/web_console/templates/style.css.erb within layouts/inlined_string (0.5ms)
  Rendered vendor/bundle/ruby/2.2.0/gems/web-console-2.2.1/lib/web_console/templates/console.js.erb within layouts/javascript (27.9ms)
  Rendered vendor/bundle/ruby/2.2.0/gems/web-console-2.2.1/lib/web_console/templates/main.js.erb within layouts/javascript (0.3ms)
  Rendered vendor/bundle/ruby/2.2.0/gems/web-console-2.2.1/lib/web_console/templates/error_page.js.erb within layouts/javascript (0.8ms)
  Rendered vendor/bundle/ruby/2.2.0/gems/web-console-2.2.1/lib/web_console/templates/index.html.erb (55.6ms)


Started GET "/movies" for 127.0.0.1 at 2015-07-28 13:24:48 +0300
Processing by MoviesController#index as HTML
  Rendered movies/index.html.erb within layouts/application (0.6ms)
Completed 200 OK in 1214ms (Views: 1213.0ms | ActiveRecord: 0.0ms)


Started GET "/assets/movies.self-e3b0c44298fc1c149afbf4c8996fb92427ae41e4649b934ca495991b7852b855.css?body=1" for 127.0.0.1 at 2015-07-28 13:24:49 +0300


Started GET "/assets/application.self-e80e8f2318043e8af94dddc2adad5a4f09739a8ebb323b3ab31cd71d45fd9113.css?body=1" for 127.0.0.1 at 2015-07-28 13:24:49 +0300


Started GET "/assets/jquery.self-d03a5518f45df77341bdbe6201ba3bfa547ebba8ed64f0ea56bfa5f96ea7c074.js?body=1" for 127.0.0.1 at 2015-07-28 13:24:49 +0300


Started GET "/assets/jquery_ujs.self-ca5248a2fad13d6bd58ea121318d642f195f0b2dd818b30615f785ff365e8d1f.js?body=1" for 127.0.0.1 at 2015-07-28 13:24:49 +0300


Started GET "/assets/movies.self-877aef30ae1b040ab8a3aba4e3e309a11d7f2612f44dde450b5c157aa5f95c05.js?body=1" for 127.0.0.1 at 2015-07-28 13:24:49 +0300


Started GET "/assets/turbolinks.self-c37727e9bd6b2735da5c311aa83fead54ed0be6cc8bd9a65309e9c5abe2cbfff.js?body=1" for 127.0.0.1 at 2015-07-28 13:24:49 +0300


Started GET "/assets/application.self-3b8dabdc891efe46b9a144b400ad69e37d7e5876bdc39dee783419a69d7ca819.js?body=1" for 127.0.0.1 at 2015-07-28 13:24:49 +0300
